<?xml version="1.0" encoding="UTF-8"?>
<!-- Generated by org.testng.reporters.JUnitReportReporter -->
<testsuite hostname="LAPTOP-CIG3UQOC" failures="0" tests="3" name="cicdfortesters.TestClass1" time="19.516" errors="0" timestamp="2022-06-02T19:15:58 IST" skipped="0">
  <testcase classname="cicdfortesters.TestClass1" name="Test2" time="4.119"/>
  <system-out/>
  <testcase classname="cicdfortesters.TestClass1" name="Test1" time="11.417"/>
  <system-out/>
  <testcase classname="cicdfortesters.TestClass1" name="Test3" time="3.980"/>
  <system-out/>
</testsuite> <!-- cicdfortesters.TestClass1 -->
