<?xml version="1.0" encoding="UTF-8"?>
<!-- Generated by org.testng.reporters.JUnitReportReporter -->
<testsuite hostname="LAPTOP-CIG3UQOC" failures="0" tests="3" name="cicdfortesters.TestClass1" time="15.903" errors="0" timestamp="2022-06-02T19:21:56 IST" skipped="0">
  <testcase classname="cicdfortesters.TestClass1" name="Test2" time="4.039"/>
  <system-out/>
  <testcase classname="cicdfortesters.TestClass1" name="Test1" time="6.676"/>
  <system-out/>
  <testcase classname="cicdfortesters.TestClass1" name="Test3" time="5.188"/>
  <system-out/>
</testsuite> <!-- cicdfortesters.TestClass1 -->
